2016-12-23T19:07:06.757Z - normal: Load ~/.CocosCreator/settings.json
2016-12-23T19:07:06.765Z - normal: checking language setting...
2016-12-23T19:07:06.765Z - normal: Language: en
2016-12-23T19:07:07.847Z - success: protocol editor-framework registered
2016-12-23T19:07:07.847Z - success: protocol app registered
2016-12-23T19:07:07.847Z - success: protocol packages registered
2016-12-23T19:07:07.847Z - success: protocol theme registered
2016-12-23T19:07:07.848Z - success: protocol unpack registerred
2016-12-23T19:07:09.049Z - normal: connected!
2016-12-23T19:07:09.053Z - normal: Check project C:\Users\Chris\Documents\GitHub\Mouseterous
2016-12-23T19:07:09.058Z - normal: Initializing Cocos Creator Editor
2016-12-23T19:07:09.417Z - normal: Initializing Cocos2d
2016-12-23T19:07:12.510Z - normal: Initializing Asset Database
2016-12-23T19:07:12.535Z - success: protocol uuid registerred
2016-12-23T19:07:12.535Z - success: protocol db registerred
2016-12-23T19:07:12.535Z - success: protocol thumbnail registerred
2016-12-23T19:07:12.535Z - normal: Loading editor/builtin packages
2016-12-23T19:07:12.663Z - success: assets loaded
2016-12-23T19:07:12.666Z - success: builder loaded
2016-12-23T19:07:12.669Z - success: hierarchy loaded
2016-12-23T19:07:12.672Z - success: inspector loaded
2016-12-23T19:07:12.673Z - success: keystore loaded
2016-12-23T19:07:12.676Z - success: node-library loaded
2016-12-23T19:07:12.683Z - success: preferences loaded
2016-12-23T19:07:12.697Z - success: project-importer loaded
2016-12-23T19:07:12.699Z - success: project-settings loaded
2016-12-23T19:07:12.701Z - success: ui-kit loaded
2016-12-23T19:07:12.703Z - success: ui-grid loaded
2016-12-23T19:07:12.706Z - success: scene loaded
2016-12-23T19:07:12.707Z - success: sprite-editor loaded
2016-12-23T19:07:12.712Z - success: timeline loaded
2016-12-23T19:07:12.713Z - normal: Loading builtin packages
2016-12-23T19:07:12.716Z - success: asset-db-debugger loaded
2016-12-23T19:07:12.717Z - success: code-editor loaded
2016-12-23T19:07:12.717Z - success: color-picker loaded
2016-12-23T19:07:12.720Z - success: console loaded
2016-12-23T19:07:12.722Z - success: package-manager loaded
2016-12-23T19:07:12.725Z - success: tester loaded
2016-12-23T19:07:12.727Z - success: ui-kit-preview-extra loaded
2016-12-23T19:07:12.728Z - success: ui-kit-preview loaded
2016-12-23T19:07:12.729Z - success: ui-tree loaded
2016-12-23T19:07:12.834Z - normal: Initializing project C:\Users\Chris\Documents\GitHub\Mouseterous
2016-12-23T19:07:12.842Z - normal: Loading packages
2016-12-23T19:07:12.850Z - success: Test loaded
2016-12-23T19:07:12.850Z - normal: Watching packages
2016-12-23T19:07:12.870Z - normal: Run Application
2016-12-23T19:07:13.344Z - success: preview server running at http://localhost:7456
2016-12-23T19:07:21.028Z - normal: 1.3.3
2016-12-23T19:07:31.695Z - normal: Compiled successfully
2016-12-23T19:07:33.565Z - normal: 1.3.3
2016-12-23T19:07:34.324Z - normal: Built to "C:\Users\Chris\Documents\GitHub\Mouseterous\build\web-desktop" successfully
2016-12-23T19:09:05.539Z - error: Build Failed: Error: Cocos Runtime not support module(s): TiledMap, DragonBones.
    at _doBuild (C:\CocosCreator\resources\app.asar\editor\core\builder.js:1:317)
    at EventEmitter.build (C:\CocosCreator\resources\app.asar\editor\core\builder.js:1:1940)
    at EventEmitter.<anonymous> (C:\CocosCreator\resources\app.asar\editor\init.js:1:10814)
    at emitTwo (events.js:106:13)
    at EventEmitter.emit (events.js:191:7)
    at _main2main (C:\CocosCreator\resources\app.asar\editor-framework\lib\main\ipc.js:1:2285)
    at Object.Ipc.sendToMain (C:\CocosCreator\resources\app.asar\editor-framework\lib\main\ipc.js:1:5302)
    at Object.start-task (C:\CocosCreator\resources\app.asar\editor\builtin\builder\main.js:1:650)
    at emitThree (events.js:116:13)
    at EventEmitter.emit (events.js:194:7)
    at WebContents.<anonymous> (C:\CocosCreator\resources\electron.asar\browser\api\web-contents.js:209:13)
    at emitTwo (events.js:106:13)
    at WebContents.emit (events.js:191:7)
    at C:\CocosCreator\resources\app.asar\editor\core\builder.js:1:1973
    at _doBuild (C:\CocosCreator\resources\app.asar\editor\core\builder.js:1:315)
    at EventEmitter.build (C:\CocosCreator\resources\app.asar\editor\core\builder.js:1:1940)
    at EventEmitter.<anonymous> (C:\CocosCreator\resources\app.asar\editor\init.js:1:10814)
    at emitTwo (events.js:106:13)
    at EventEmitter.emit (events.js:191:7)
    at _main2main (C:\CocosCreator\resources\app.asar\editor-framework\lib\main\ipc.js:1:2285)
    at Object.Ipc.sendToMain (C:\CocosCreator\resources\app.asar\editor-framework\lib\main\ipc.js:1:5302)
    at Object.start-task (C:\CocosCreator\resources\app.asar\editor\builtin\builder\main.js:1:650)
    at emitThree (events.js:116:13)
    at EventEmitter.emit (events.js:194:7)
    at WebContents.<anonymous> (C:\CocosCreator\resources\electron.asar\browser\api\web-contents.js:209:13)
    at emitTwo (events.js:106:13)
    at WebContents.emit (events.js:191:7)
2016-12-23T19:09:26.224Z - normal: Creating native cocos project to  C:\Users\Chris\Documents\GitHub\Mouseterous\build\jsb-default
2016-12-23T19:10:03.040Z - error: Build Failed: Error: Failed to create project with exitCode : 14
    at ChildProcess.<anonymous> (C:\CocosCreator\resources\app.asar\editor\core\native-utils.js:1:14945)
    at ChildProcess.<anonymous> (C:\CocosCreator\resources\app.asar\editor\core\native-utils.js:1:7252)
    at emitTwo (events.js:106:13)
    at ChildProcess.emit (events.js:191:7)
    at maybeClose (internal/child_process.js:852:16)
    at Process.ChildProcess._handle.onexit (internal/child_process.js:215:5)
    at C:\CocosCreator\resources\app.asar\editor\core\builder.js:1:1973
    at C:\CocosCreator\resources\app.asar\editor\core\builder.js:1:944
    at Gulp.doneCallback (C:\CocosCreator\resources\app.asar\editor\core\gulp-build.js:1:11735)
    at Gulp.Orchestrator.stop (C:\CocosCreator\resources\app.asar\node_modules\orchestrator\index.js:150:9)
    at C:\CocosCreator\resources\app.asar\node_modules\orchestrator\index.js:277:22
    at finish (C:\CocosCreator\resources\app.asar\node_modules\orchestrator\lib\runTask.js:21:8)
    at cb (C:\CocosCreator\resources\app.asar\node_modules\orchestrator\lib\runTask.js:29:3)
    at ChildProcess.<anonymous> (C:\CocosCreator\resources\app.asar\editor\core\native-utils.js:1:14943)
    at ChildProcess.<anonymous> (C:\CocosCreator\resources\app.asar\editor\core\native-utils.js:1:7252)
    at emitTwo (events.js:106:13)
    at ChildProcess.emit (events.js:191:7)
    at maybeClose (internal/child_process.js:852:16)
    at Process.ChildProcess._handle.onexit (internal/child_process.js:215:5)
2016-12-23T19:10:22.652Z - normal: Creating native cocos project to  C:\Users\Chris\Documents\GitHub\Mouseterous\build\jsb-default
2016-12-23T19:11:26.339Z - normal: Compiled successfully
2016-12-23T19:11:28.204Z - normal: 1.3.3
2016-12-23T19:11:35.747Z - normal: Built to "C:\Users\Chris\Documents\GitHub\Mouseterous\build\jsb-default" successfully
2016-12-23T19:18:18.969Z - normal: Start to compile native project. Please wait...
2016-12-23T19:18:18.972Z - normal: The log file path [ C:\Users\Chris\.CocosCreator\logs\native.log ]
2016-12-23T19:18:25.848Z - failed: Error: Compile failed. The log file path [ C:\Users\Chris\.CocosCreator\logs\native.log ]
    at ChildProcess.<anonymous> (C:\CocosCreator\resources\app.asar\editor\core\native-utils.js:1:17943)
    at ChildProcess.<anonymous> (C:\CocosCreator\resources\app.asar\editor\core\native-utils.js:1:7252)
    at emitTwo (events.js:106:13)
    at ChildProcess.emit (events.js:191:7)
    at maybeClose (internal/child_process.js:852:16)
    at Process.ChildProcess._handle.onexit (internal/child_process.js:215:5)
2016-12-23T19:21:17.857Z - normal: Creating native cocos project to  C:\Users\Chris\Documents\GitHub\Mouseterous\build\jsb-link
2016-12-23T19:21:24.341Z - normal: Compiled successfully
2016-12-23T19:21:26.163Z - normal: 1.3.3
2016-12-23T19:21:26.733Z - normal: Built to "C:\Users\Chris\Documents\GitHub\Mouseterous\build\jsb-link" successfully
2016-12-23T19:21:28.672Z - normal: Start to run project
2016-12-23T19:21:30.726Z - normal: Start to run project. Please wait...
2016-12-23T19:21:30.726Z - normal: The log file path [ C:\Users\Chris\.CocosCreator\logs\native.log ]
2016-12-23T19:21:30.731Z - error: Error: spawn C:\Users\Chris\Documents\GitHub\Mouseterous\build\jsb-link\simulator\win32\Mouseterous.exe ENOENT
    at exports._errnoException (util.js:1008:11)
    at Process.ChildProcess._handle.onexit (internal/child_process.js:182:32)
    at onErrorNT (internal/child_process.js:348:16)
    at _combinedTickCallback (internal/process/next_tick.js:74:11)
    at process._tickDomainCallback (internal/process/next_tick.js:122:9)
    at process.<anonymous> (C:\CocosCreator\resources\app.asar\editor\core\editor-init.js:1:199)
    at emitOne (events.js:101:20)
    at process.emit (events.js:188:7)
    at process._fatalException (bootstrap_node.js:262:26)
2016-12-23T19:21:36.409Z - normal: Start to compile native project. Please wait...
2016-12-23T19:21:36.409Z - normal: The log file path [ C:\Users\Chris\.CocosCreator\logs\native.log ]
2016-12-23T19:21:44.010Z - failed: Error: Compile failed. The log file path [ C:\Users\Chris\.CocosCreator\logs\native.log ]
    at ChildProcess.<anonymous> (C:\CocosCreator\resources\app.asar\editor\core\native-utils.js:1:17943)
    at ChildProcess.<anonymous> (C:\CocosCreator\resources\app.asar\editor\core\native-utils.js:1:7252)
    at emitTwo (events.js:106:13)
    at ChildProcess.emit (events.js:191:7)
    at maybeClose (internal/child_process.js:852:16)
    at Process.ChildProcess._handle.onexit (internal/child_process.js:215:5)
2016-12-23T19:21:53.374Z - normal: Creating native cocos project to  C:\Users\Chris\Documents\GitHub\Mouseterous\build\jsb-binary
2016-12-23T19:22:00.508Z - normal: Compiled successfully
2016-12-23T19:22:02.379Z - normal: 1.3.3
2016-12-23T19:22:06.599Z - normal: Built to "C:\Users\Chris\Documents\GitHub\Mouseterous\build\jsb-binary" successfully
2016-12-23T19:22:09.968Z - normal: Start to compile native project. Please wait...
2016-12-23T19:22:09.969Z - normal: The log file path [ C:\Users\Chris\.CocosCreator\logs\native.log ]
2016-12-23T19:22:16.840Z - failed: Error: Compile failed. The log file path [ C:\Users\Chris\.CocosCreator\logs\native.log ]
    at ChildProcess.<anonymous> (C:\CocosCreator\resources\app.asar\editor\core\native-utils.js:1:17943)
    at ChildProcess.<anonymous> (C:\CocosCreator\resources\app.asar\editor\core\native-utils.js:1:7252)
    at emitTwo (events.js:106:13)
    at ChildProcess.emit (events.js:191:7)
    at maybeClose (internal/child_process.js:852:16)
    at Process.ChildProcess._handle.onexit (internal/child_process.js:215:5)
2016-12-23T19:23:28.587Z - error: Build Failed: Error: [NDK Root] is empty, please set [NDK Root] in Preferences.
    at o (C:\CocosCreator\resources\app.asar\editor\core\native-utils.js:1:982)
    at initCocosEnv (C:\CocosCreator\resources\app.asar\editor\core\native-utils.js:1:1698)
    at initSettings (C:\CocosCreator\resources\app.asar\editor\core\native-utils.js:1:2492)
    at Object.build (C:\CocosCreator\resources\app.asar\editor\core\native-utils.js:1:14215)
    at Gulp.<anonymous> (C:\CocosCreator\resources\app.asar\editor\core\gulp-build.js:1:11367)
    at module.exports (C:\CocosCreator\resources\app.asar\node_modules\orchestrator\lib\runTask.js:34:7)
    at Gulp.Orchestrator._runTask (C:\CocosCreator\resources\app.asar\node_modules\orchestrator\index.js:273:3)
    at Gulp.Orchestrator._runStep (C:\CocosCreator\resources\app.asar\node_modules\orchestrator\index.js:214:10)
    at Gulp.Orchestrator.start (C:\CocosCreator\resources\app.asar\node_modules\orchestrator\index.js:134:8)
    at Object.exports.startWithArgs (C:\CocosCreator\resources\app.asar\editor\core\gulp-build.js:1:11713)
    at _doBuild (C:\CocosCreator\resources\app.asar\editor\core\builder.js:1:899)
    at EventEmitter.build (C:\CocosCreator\resources\app.asar\editor\core\builder.js:1:1940)
    at EventEmitter.<anonymous> (C:\CocosCreator\resources\app.asar\editor\init.js:1:10814)
    at emitTwo (events.js:106:13)
    at EventEmitter.emit (events.js:191:7)
    at _main2main (C:\CocosCreator\resources\app.asar\editor-framework\lib\main\ipc.js:1:2285)
    at C:\CocosCreator\resources\app.asar\editor\core\builder.js:1:1973
    at C:\CocosCreator\resources\app.asar\editor\core\builder.js:1:944
    at Gulp.doneCallback (C:\CocosCreator\resources\app.asar\editor\core\gulp-build.js:1:11735)
    at Gulp.Orchestrator.stop (C:\CocosCreator\resources\app.asar\node_modules\orchestrator\index.js:150:9)
    at C:\CocosCreator\resources\app.asar\node_modules\orchestrator\index.js:277:22
    at finish (C:\CocosCreator\resources\app.asar\node_modules\orchestrator\lib\runTask.js:21:8)
    at cb (C:\CocosCreator\resources\app.asar\node_modules\orchestrator\lib\runTask.js:29:3)
    at C:\CocosCreator\resources\app.asar\editor\core\native-utils.js:1:14285
    at initSettings (C:\CocosCreator\resources\app.asar\editor\core\native-utils.js:1:2525)
    at Object.build (C:\CocosCreator\resources\app.asar\editor\core\native-utils.js:1:14215)
    at Gulp.<anonymous> (C:\CocosCreator\resources\app.asar\editor\core\gulp-build.js:1:11367)
    at module.exports (C:\CocosCreator\resources\app.asar\node_modules\orchestrator\lib\runTask.js:34:7)
    at Gulp.Orchestrator._runTask (C:\CocosCreator\resources\app.asar\node_modules\orchestrator\index.js:273:3)
    at Gulp.Orchestrator._runStep (C:\CocosCreator\resources\app.asar\node_modules\orchestrator\index.js:214:10)
    at Gulp.Orchestrator.start (C:\CocosCreator\resources\app.asar\node_modules\orchestrator\index.js:134:8)
2016-12-23T19:23:31.789Z - error: Build Failed: Error: [NDK Root] is empty, please set [NDK Root] in Preferences.
    at o (C:\CocosCreator\resources\app.asar\editor\core\native-utils.js:1:982)
    at initCocosEnv (C:\CocosCreator\resources\app.asar\editor\core\native-utils.js:1:1698)
    at initSettings (C:\CocosCreator\resources\app.asar\editor\core\native-utils.js:1:2492)
    at Object.build (C:\CocosCreator\resources\app.asar\editor\core\native-utils.js:1:14215)
    at Gulp.<anonymous> (C:\CocosCreator\resources\app.asar\editor\core\gulp-build.js:1:11367)
    at module.exports (C:\CocosCreator\resources\app.asar\node_modules\orchestrator\lib\runTask.js:34:7)
    at Gulp.Orchestrator._runTask (C:\CocosCreator\resources\app.asar\node_modules\orchestrator\index.js:273:3)
    at Gulp.Orchestrator._runStep (C:\CocosCreator\resources\app.asar\node_modules\orchestrator\index.js:214:10)
    at Gulp.Orchestrator.start (C:\CocosCreator\resources\app.asar\node_modules\orchestrator\index.js:134:8)
    at Object.exports.startWithArgs (C:\CocosCreator\resources\app.asar\editor\core\gulp-build.js:1:11713)
    at _doBuild (C:\CocosCreator\resources\app.asar\editor\core\builder.js:1:899)
    at EventEmitter.build (C:\CocosCreator\resources\app.asar\editor\core\builder.js:1:1940)
    at EventEmitter.<anonymous> (C:\CocosCreator\resources\app.asar\editor\init.js:1:10814)
    at emitTwo (events.js:106:13)
    at EventEmitter.emit (events.js:191:7)
    at _main2main (C:\CocosCreator\resources\app.asar\editor-framework\lib\main\ipc.js:1:2285)
    at C:\CocosCreator\resources\app.asar\editor\core\builder.js:1:1973
    at C:\CocosCreator\resources\app.asar\editor\core\builder.js:1:944
    at Gulp.doneCallback (C:\CocosCreator\resources\app.asar\editor\core\gulp-build.js:1:11735)
    at Gulp.Orchestrator.stop (C:\CocosCreator\resources\app.asar\node_modules\orchestrator\index.js:150:9)
    at C:\CocosCreator\resources\app.asar\node_modules\orchestrator\index.js:277:22
    at finish (C:\CocosCreator\resources\app.asar\node_modules\orchestrator\lib\runTask.js:21:8)
    at cb (C:\CocosCreator\resources\app.asar\node_modules\orchestrator\lib\runTask.js:29:3)
    at C:\CocosCreator\resources\app.asar\editor\core\native-utils.js:1:14285
    at initSettings (C:\CocosCreator\resources\app.asar\editor\core\native-utils.js:1:2525)
    at Object.build (C:\CocosCreator\resources\app.asar\editor\core\native-utils.js:1:14215)
    at Gulp.<anonymous> (C:\CocosCreator\resources\app.asar\editor\core\gulp-build.js:1:11367)
    at module.exports (C:\CocosCreator\resources\app.asar\node_modules\orchestrator\lib\runTask.js:34:7)
    at Gulp.Orchestrator._runTask (C:\CocosCreator\resources\app.asar\node_modules\orchestrator\index.js:273:3)
    at Gulp.Orchestrator._runStep (C:\CocosCreator\resources\app.asar\node_modules\orchestrator\index.js:214:10)
    at Gulp.Orchestrator.start (C:\CocosCreator\resources\app.asar\node_modules\orchestrator\index.js:134:8)
2016-12-23T19:23:44.878Z - normal: Compiled successfully
2016-12-23T19:23:46.744Z - normal: 1.3.3
2016-12-23T19:23:47.434Z - normal: Built to "C:\Users\Chris\Documents\GitHub\Mouseterous\build\web-desktop" successfully
2016-12-23T19:25:00.354Z - error: Build Failed: Error: [NDK Root] is empty, please set [NDK Root] in Preferences.
    at o (C:\CocosCreator\resources\app.asar\editor\core\native-utils.js:1:982)
    at initCocosEnv (C:\CocosCreator\resources\app.asar\editor\core\native-utils.js:1:1698)
    at initSettings (C:\CocosCreator\resources\app.asar\editor\core\native-utils.js:1:2492)
    at Object.build (C:\CocosCreator\resources\app.asar\editor\core\native-utils.js:1:14215)
    at Gulp.<anonymous> (C:\CocosCreator\resources\app.asar\editor\core\gulp-build.js:1:11367)
    at module.exports (C:\CocosCreator\resources\app.asar\node_modules\orchestrator\lib\runTask.js:34:7)
    at Gulp.Orchestrator._runTask (C:\CocosCreator\resources\app.asar\node_modules\orchestrator\index.js:273:3)
    at Gulp.Orchestrator._runStep (C:\CocosCreator\resources\app.asar\node_modules\orchestrator\index.js:214:10)
    at Gulp.Orchestrator.start (C:\CocosCreator\resources\app.asar\node_modules\orchestrator\index.js:134:8)
    at Object.exports.startWithArgs (C:\CocosCreator\resources\app.asar\editor\core\gulp-build.js:1:11713)
    at _doBuild (C:\CocosCreator\resources\app.asar\editor\core\builder.js:1:899)
    at EventEmitter.build (C:\CocosCreator\resources\app.asar\editor\core\builder.js:1:1940)
    at EventEmitter.<anonymous> (C:\CocosCreator\resources\app.asar\editor\init.js:1:10814)
    at emitTwo (events.js:106:13)
    at EventEmitter.emit (events.js:191:7)
    at _main2main (C:\CocosCreator\resources\app.asar\editor-framework\lib\main\ipc.js:1:2285)
    at C:\CocosCreator\resources\app.asar\editor\core\builder.js:1:1973
    at C:\CocosCreator\resources\app.asar\editor\core\builder.js:1:944
    at Gulp.doneCallback (C:\CocosCreator\resources\app.asar\editor\core\gulp-build.js:1:11735)
    at Gulp.Orchestrator.stop (C:\CocosCreator\resources\app.asar\node_modules\orchestrator\index.js:150:9)
    at C:\CocosCreator\resources\app.asar\node_modules\orchestrator\index.js:277:22
    at finish (C:\CocosCreator\resources\app.asar\node_modules\orchestrator\lib\runTask.js:21:8)
    at cb (C:\CocosCreator\resources\app.asar\node_modules\orchestrator\lib\runTask.js:29:3)
    at C:\CocosCreator\resources\app.asar\editor\core\native-utils.js:1:14285
    at initSettings (C:\CocosCreator\resources\app.asar\editor\core\native-utils.js:1:2525)
    at Object.build (C:\CocosCreator\resources\app.asar\editor\core\native-utils.js:1:14215)
    at Gulp.<anonymous> (C:\CocosCreator\resources\app.asar\editor\core\gulp-build.js:1:11367)
    at module.exports (C:\CocosCreator\resources\app.asar\node_modules\orchestrator\lib\runTask.js:34:7)
    at Gulp.Orchestrator._runTask (C:\CocosCreator\resources\app.asar\node_modules\orchestrator\index.js:273:3)
    at Gulp.Orchestrator._runStep (C:\CocosCreator\resources\app.asar\node_modules\orchestrator\index.js:214:10)
    at Gulp.Orchestrator.start (C:\CocosCreator\resources\app.asar\node_modules\orchestrator\index.js:134:8)
2016-12-23T19:25:29.052Z - normal: Creating native cocos project to  C:\Users\Chris\Documents\GitHub\Mouseterous\build\jsb-default
2016-12-23T19:26:35.893Z - normal: Button clicked!
2016-12-23T19:26:37.695Z - normal: Button clicked!
2016-12-23T19:26:42.552Z - normal: Hello World!
2016-12-23T19:27:07.503Z - normal: Compiled successfully
2016-12-23T19:27:09.488Z - normal: 1.3.3
2016-12-23T19:27:13.653Z - normal: Built to "C:\Users\Chris\Documents\GitHub\Mouseterous\build\jsb-default" successfully
2016-12-23T19:27:22.549Z - error: Build Failed: Error: Cocos Runtime not support module(s): TiledMap, DragonBones.
    at _doBuild (C:\CocosCreator\resources\app.asar\editor\core\builder.js:1:317)
    at EventEmitter.build (C:\CocosCreator\resources\app.asar\editor\core\builder.js:1:1940)
    at EventEmitter.<anonymous> (C:\CocosCreator\resources\app.asar\editor\init.js:1:10814)
    at emitTwo (events.js:106:13)
    at EventEmitter.emit (events.js:191:7)
    at _main2main (C:\CocosCreator\resources\app.asar\editor-framework\lib\main\ipc.js:1:2285)
    at Object.Ipc.sendToMain (C:\CocosCreator\resources\app.asar\editor-framework\lib\main\ipc.js:1:5302)
    at Object.start-task (C:\CocosCreator\resources\app.asar\editor\builtin\builder\main.js:1:650)
    at emitThree (events.js:116:13)
    at EventEmitter.emit (events.js:194:7)
    at WebContents.<anonymous> (C:\CocosCreator\resources\electron.asar\browser\api\web-contents.js:209:13)
    at emitTwo (events.js:106:13)
    at WebContents.emit (events.js:191:7)
    at C:\CocosCreator\resources\app.asar\editor\core\builder.js:1:1973
    at _doBuild (C:\CocosCreator\resources\app.asar\editor\core\builder.js:1:315)
    at EventEmitter.build (C:\CocosCreator\resources\app.asar\editor\core\builder.js:1:1940)
    at EventEmitter.<anonymous> (C:\CocosCreator\resources\app.asar\editor\init.js:1:10814)
    at emitTwo (events.js:106:13)
    at EventEmitter.emit (events.js:191:7)
    at _main2main (C:\CocosCreator\resources\app.asar\editor-framework\lib\main\ipc.js:1:2285)
    at Object.Ipc.sendToMain (C:\CocosCreator\resources\app.asar\editor-framework\lib\main\ipc.js:1:5302)
    at Object.start-task (C:\CocosCreator\resources\app.asar\editor\builtin\builder\main.js:1:650)
    at emitThree (events.js:116:13)
    at EventEmitter.emit (events.js:194:7)
    at WebContents.<anonymous> (C:\CocosCreator\resources\electron.asar\browser\api\web-contents.js:209:13)
    at emitTwo (events.js:106:13)
    at WebContents.emit (events.js:191:7)
2016-12-23T19:27:32.956Z - normal: Compiled successfully
2016-12-23T19:27:34.870Z - normal: 1.3.3
2016-12-23T19:27:35.554Z - normal: Built to "C:\Users\Chris\Documents\GitHub\Mouseterous\build\runtime" successfully
2016-12-23T19:27:46.891Z - normal: Compiled successfully
2016-12-23T19:27:48.783Z - normal: 1.3.3
2016-12-23T19:27:49.265Z - normal: Built to "C:\Users\Chris\Documents\GitHub\Mouseterous\build\runtime" successfully
2016-12-23T21:34:29.861Z - normal: Compiled successfully
2016-12-23T21:34:35.236Z - normal: 1.3.3
2016-12-23T21:34:41.946Z - normal: Built to "C:\Users\Chris\Documents\GitHub\Mouseterous\build\jsb-default" successfully
2016-12-23T21:34:45.961Z - normal: Start to compile native project. Please wait...
2016-12-23T21:34:45.961Z - normal: The log file path [ C:\Users\Chris\.CocosCreator\logs\native.log ]
2016-12-23T21:34:52.457Z - failed: Error: Compile failed. The log file path [ C:\Users\Chris\.CocosCreator\logs\native.log ]
    at ChildProcess.<anonymous> (C:\CocosCreator\resources\app.asar\editor\core\native-utils.js:1:17943)
    at ChildProcess.<anonymous> (C:\CocosCreator\resources\app.asar\editor\core\native-utils.js:1:7252)
    at emitTwo (events.js:106:13)
    at ChildProcess.emit (events.js:191:7)
    at maybeClose (internal/child_process.js:852:16)
    at Process.ChildProcess._handle.onexit (internal/child_process.js:215:5)
